<?xml version="1.0" encoding="UTF-8"?>
<coverage generated="1615259127511" clover="3.2.0">
  <project timestamp="1615259127511" name="All files">
    <metrics statements="105" coveredstatements="52" conditionals="30" coveredconditionals="7" methods="46" coveredmethods="13" elements="181" coveredelements="72" complexity="0" loc="105" ncloc="105" packages="4" files="11" classes="11"/>
    <package name="assets.images">
      <metrics statements="1" coveredstatements="1" conditionals="0" coveredconditionals="0" methods="0" coveredmethods="0"/>
      <file name="dcuhublogo_higherres.png" path="/home/lorisvenyor/thirdyear_project/2021-ca326-talvoj2-wardc35/code/dcuhub/assets/images/dcuhublogo_higherres.png">
        <metrics statements="1" coveredstatements="1" conditionals="0" coveredconditionals="0" methods="0" coveredmethods="0"/>
        <line num="1" count="5" type="stmt"/>
      </file>
    </package>
    <package name="config">
      <metrics statements="3" coveredstatements="3" conditionals="0" coveredconditionals="0" methods="0" coveredmethods="0"/>
      <file name="firebasekeys.js" path="/home/lorisvenyor/thirdyear_project/2021-ca326-talvoj2-wardc35/code/dcuhub/config/firebasekeys.js">
        <metrics statements="3" coveredstatements="3" conditionals="0" coveredconditionals="0" methods="0" coveredmethods="0"/>
        <line num="5" count="1" type="stmt"/>
        <line num="16" count="1" type="stmt"/>
        <line num="17" count="1" type="stmt"/>
      </file>
    </package>
    <package name="screens">
      <metrics statements="96" coveredstatements="43" conditionals="30" coveredconditionals="7" methods="43" coveredmethods="10"/>
      <file name="ChatStyle.js" path="/home/lorisvenyor/thirdyear_project/2021-ca326-talvoj2-wardc35/code/dcuhub/screens/ChatStyle.js">
        <metrics statements="3" coveredstatements="3" conditionals="0" coveredconditionals="0" methods="0" coveredmethods="0"/>
        <line num="5" count="1" type="stmt"/>
        <line num="6" count="1" type="stmt"/>
        <line num="8" count="1" type="stmt"/>
      </file>
      <file name="ForgotPassword.js" path="/home/lorisvenyor/thirdyear_project/2021-ca326-talvoj2-wardc35/code/dcuhub/screens/ForgotPassword.js">
        <metrics statements="10" coveredstatements="5" conditionals="2" coveredconditionals="1" methods="6" coveredmethods="1"/>
        <line num="12" count="1" type="stmt"/>
        <line num="16" count="1" type="stmt"/>
        <line num="20" count="1" type="stmt"/>
        <line num="21" count="0" type="stmt"/>
        <line num="23" count="0" type="stmt"/>
        <line num="24" count="0" type="stmt"/>
        <line num="28" count="1" type="stmt"/>
        <line num="50" count="0" type="stmt"/>
        <line num="59" count="0" type="stmt"/>
        <line num="69" count="1" type="stmt"/>
      </file>
      <file name="Login.js" path="/home/lorisvenyor/thirdyear_project/2021-ca326-talvoj2-wardc35/code/dcuhub/screens/Login.js">
        <metrics statements="18" coveredstatements="5" conditionals="6" coveredconditionals="1" methods="8" coveredmethods="1"/>
        <line num="14" count="1" type="stmt"/>
        <line num="18" count="1" type="stmt"/>
        <line num="24" count="1" type="stmt"/>
        <line num="26" count="0" type="stmt"/>
        <line num="28" count="0" type="stmt"/>
        <line num="29" count="0" type="cond" truecount="0" falsecount="2"/>
        <line num="30" count="0" type="stmt"/>
        <line num="31" count="0" type="cond" truecount="0" falsecount="2"/>
        <line num="32" count="0" type="stmt"/>
        <line num="33" count="0" type="stmt"/>
        <line num="34" count="0" type="stmt"/>
        <line num="36" count="0" type="stmt"/>
        <line num="40" count="1" type="stmt"/>
        <line num="68" count="0" type="stmt"/>
        <line num="81" count="0" type="stmt"/>
        <line num="93" count="0" type="stmt"/>
        <line num="96" count="0" type="stmt"/>
        <line num="107" count="1" type="stmt"/>
      </file>
      <file name="NewsFeed.js" path="/home/lorisvenyor/thirdyear_project/2021-ca326-talvoj2-wardc35/code/dcuhub/screens/NewsFeed.js">
        <metrics statements="11" coveredstatements="10" conditionals="7" coveredconditionals="3" methods="4" coveredmethods="3"/>
        <line num="11" count="1" type="stmt"/>
        <line num="12" count="1" type="stmt"/>
        <line num="16" count="1" type="stmt"/>
        <line num="17" count="1" type="cond" truecount="2" falsecount="3"/>
        <line num="20" count="1" type="stmt"/>
        <line num="24" count="1" type="stmt"/>
        <line num="28" count="1" type="stmt"/>
        <line num="32" count="1" type="stmt"/>
        <line num="156" count="0" type="stmt"/>
        <line num="157" count="1" type="cond" truecount="1" falsecount="1"/>
        <line num="171" count="1" type="stmt"/>
      </file>
      <file name="Register.js" path="/home/lorisvenyor/thirdyear_project/2021-ca326-talvoj2-wardc35/code/dcuhub/screens/Register.js">
        <metrics statements="21" coveredstatements="5" conditionals="9" coveredconditionals="1" methods="8" coveredmethods="1"/>
        <line num="9" count="1" type="stmt"/>
        <line num="13" count="1" type="stmt"/>
        <line num="20" count="1" type="stmt"/>
        <line num="21" count="0" type="stmt"/>
        <line num="22" count="0" type="stmt"/>
        <line num="25" count="0" type="cond" truecount="0" falsecount="5"/>
        <line num="26" count="0" type="stmt"/>
        <line num="28" count="0" type="cond" truecount="0" falsecount="2"/>
        <line num="29" count="0" type="stmt"/>
        <line num="31" count="0" type="stmt"/>
        <line num="33" count="0" type="stmt"/>
        <line num="34" count="0" type="stmt"/>
        <line num="35" count="0" type="stmt"/>
        <line num="37" count="0" type="stmt"/>
        <line num="41" count="0" type="stmt"/>
        <line num="46" count="1" type="stmt"/>
        <line num="92" count="0" type="stmt"/>
        <line num="100" count="0" type="stmt"/>
        <line num="110" count="0" type="stmt"/>
        <line num="125" count="0" type="stmt"/>
        <line num="137" count="1" type="stmt"/>
      </file>
      <file name="Rooms.js" path="/home/lorisvenyor/thirdyear_project/2021-ca326-talvoj2-wardc35/code/dcuhub/screens/Rooms.js">
        <metrics statements="33" coveredstatements="15" conditionals="6" coveredconditionals="1" methods="17" coveredmethods="4"/>
        <line num="12" count="1" type="stmt"/>
        <line num="13" count="1" type="stmt"/>
        <line num="15" count="1" type="stmt"/>
        <line num="19" count="1" type="stmt"/>
        <line num="21" count="1" type="stmt"/>
        <line num="27" count="1" type="stmt"/>
        <line num="28" count="1" type="stmt"/>
        <line num="29" count="1" type="stmt"/>
        <line num="30" count="1" type="stmt"/>
        <line num="37" count="1" type="stmt"/>
        <line num="39" count="1" type="cond" truecount="1" falsecount="1"/>
        <line num="40" count="1" type="stmt"/>
        <line num="41" count="1" type="stmt"/>
        <line num="46" count="0" type="stmt"/>
        <line num="50" count="1" type="stmt"/>
        <line num="51" count="0" type="stmt"/>
        <line num="52" count="0" type="stmt"/>
        <line num="53" count="0" type="stmt"/>
        <line num="58" count="0" type="stmt"/>
        <line num="63" count="0" type="cond" truecount="0" falsecount="2"/>
        <line num="64" count="0" type="stmt"/>
        <line num="66" count="0" type="stmt"/>
        <line num="67" count="0" type="stmt"/>
        <line num="72" count="0" type="stmt"/>
        <line num="76" count="0" type="stmt"/>
        <line num="86" count="0" type="stmt"/>
        <line num="89" count="0" type="stmt"/>
        <line num="93" count="0" type="stmt"/>
        <line num="95" count="0" type="stmt"/>
        <line num="111" count="1" type="stmt"/>
        <line num="148" count="0" type="stmt"/>
        <line num="155" count="0" type="stmt"/>
        <line num="172" count="0" type="stmt"/>
      </file>
    </package>
    <package name="shared">
      <metrics statements="5" coveredstatements="5" conditionals="0" coveredconditionals="0" methods="3" coveredmethods="3"/>
      <file name="button_1.js" path="/home/lorisvenyor/thirdyear_project/2021-ca326-talvoj2-wardc35/code/dcuhub/shared/button_1.js">
        <metrics statements="1" coveredstatements="1" conditionals="0" coveredconditionals="0" methods="1" coveredmethods="1"/>
        <line num="7" count="2" type="stmt"/>
      </file>
      <file name="button_2.js" path="/home/lorisvenyor/thirdyear_project/2021-ca326-talvoj2-wardc35/code/dcuhub/shared/button_2.js">
        <metrics statements="1" coveredstatements="1" conditionals="0" coveredconditionals="0" methods="1" coveredmethods="1"/>
        <line num="7" count="3" type="stmt"/>
      </file>
      <file name="header.js" path="/home/lorisvenyor/thirdyear_project/2021-ca326-talvoj2-wardc35/code/dcuhub/shared/header.js">
        <metrics statements="3" coveredstatements="3" conditionals="0" coveredconditionals="0" methods="1" coveredmethods="1"/>
        <line num="7" count="2" type="stmt"/>
        <line num="8" count="2" type="stmt"/>
        <line num="12" count="2" type="stmt"/>
      </file>
    </package>
  </project>
</coverage>
