{"/home/lorisvenyor/thirdyear_project/2021-ca326-talvoj2-wardc35/code/dcuhub/assets/images/dcuhublogo_higherres.png": {"path":"/home/lorisvenyor/thirdyear_project/2021-ca326-talvoj2-wardc35/code/dcuhub/assets/images/dcuhublogo_higherres.png","statementMap":{"0":{"start":{"line":1,"column":0},"end":{"line":1,"column":19}}},"fnMap":{},"branchMap":{},"s":{"0":5},"f":{},"b":{},"inputSourceMap":null,"_coverageSchema":"1a1c01bbd47fc00a2c39e90264f33305004495a9","hash":"2e2bc0bbd71d189e44a84fd62a9e870dcc4fcdd3"}
,"/home/lorisvenyor/thirdyear_project/2021-ca326-talvoj2-wardc35/code/dcuhub/config/firebasekeys.js": {"path":"/home/lorisvenyor/thirdyear_project/2021-ca326-talvoj2-wardc35/code/dcuhub/config/firebasekeys.js","statementMap":{"0":{"start":{"line":5,"column":23},"end":{"line":14,"column":1}},"1":{"start":{"line":16,"column":0},"end":{"line":16,"column":38}},"2":{"start":{"line":17,"column":20},"end":{"line":17,"column":58}}},"fnMap":{},"branchMap":{},"s":{"0":1,"1":1,"2":1},"f":{},"b":{},"_coverageSchema":"1a1c01bbd47fc00a2c39e90264f33305004495a9","hash":"cdae4d557bc4ae1aaaf6e8b2091b4c861cfe5d86"}
,"/home/lorisvenyor/thirdyear_project/2021-ca326-talvoj2-wardc35/code/dcuhub/screens/ChatStyle.js": {"path":"/home/lorisvenyor/thirdyear_project/2021-ca326-talvoj2-wardc35/code/dcuhub/screens/ChatStyle.js","statementMap":{"0":{"start":{"line":5,"column":21},"end":{"line":5,"column":52}},"1":{"start":{"line":6,"column":20},"end":{"line":6,"column":50}},"2":{"start":{"line":8,"column":15},"end":{"line":144,"column":2}}},"fnMap":{},"branchMap":{},"s":{"0":1,"1":1,"2":1},"f":{},"b":{},"_coverageSchema":"1a1c01bbd47fc00a2c39e90264f33305004495a9","hash":"67a976e1f1264be47612e453618ad965204721b7"}
,"/home/lorisvenyor/thirdyear_project/2021-ca326-talvoj2-wardc35/code/dcuhub/screens/ForgotPassword.js": {"path":"/home/lorisvenyor/thirdyear_project/2021-ca326-talvoj2-wardc35/code/dcuhub/screens/ForgotPassword.js","statementMap":{"0":{"start":{"line":12,"column":21},"end":{"line":12,"column":52}},"1":{"start":{"line":16,"column":12},"end":{"line":18,"column":5}},"2":{"start":{"line":20,"column":21},"end":{"line":25,"column":9}},"3":{"start":{"line":21,"column":8},"end":{"line":24,"column":73}},"4":{"start":{"line":23,"column":12},"end":{"line":23,"column":89}},"5":{"start":{"line":24,"column":28},"end":{"line":24,"column":72}},"6":{"start":{"line":28,"column":8},"end":{"line":65,"column":10}},"7":{"start":{"line":50,"column":90},"end":{"line":50,"column":112}},"8":{"start":{"line":59,"column":60},"end":{"line":59,"column":99}},"9":{"start":{"line":69,"column":15},"end":{"line":108,"column":2}}},"fnMap":{"0":{"name":"(anonymous_0)","decl":{"start":{"line":20,"column":21},"end":{"line":20,"column":22}},"loc":{"start":{"line":20,"column":27},"end":{"line":25,"column":9}},"line":20},"1":{"name":"(anonymous_1)","decl":{"start":{"line":22,"column":16},"end":{"line":22,"column":17}},"loc":{"start":{"line":22,"column":28},"end":{"line":24,"column":11}},"line":22},"2":{"name":"(anonymous_2)","decl":{"start":{"line":24,"column":19},"end":{"line":24,"column":20}},"loc":{"start":{"line":24,"column":28},"end":{"line":24,"column":72}},"line":24},"3":{"name":"(anonymous_3)","decl":{"start":{"line":27,"column":4},"end":{"line":27,"column":5}},"loc":{"start":{"line":27,"column":13},"end":{"line":66,"column":5}},"line":27},"4":{"name":"(anonymous_4)","decl":{"start":{"line":50,"column":81},"end":{"line":50,"column":82}},"loc":{"start":{"line":50,"column":90},"end":{"line":50,"column":112}},"line":50},"5":{"name":"(anonymous_5)","decl":{"start":{"line":59,"column":54},"end":{"line":59,"column":55}},"loc":{"start":{"line":59,"column":60},"end":{"line":59,"column":99}},"line":59}},"branchMap":{"0":{"loc":{"start":{"line":44,"column":21},"end":{"line":44,"column":111}},"type":"binary-expr","locations":[{"start":{"line":44,"column":21},"end":{"line":44,"column":44}},{"start":{"line":44,"column":48},"end":{"line":44,"column":111}}],"line":44}},"s":{"0":1,"1":1,"2":1,"3":0,"4":0,"5":0,"6":1,"7":0,"8":0,"9":1},"f":{"0":0,"1":0,"2":0,"3":1,"4":0,"5":0},"b":{"0":[1,0]},"_coverageSchema":"1a1c01bbd47fc00a2c39e90264f33305004495a9","hash":"d3ccb2de1bc1cbf73870a6e21f1590dcfcec8dce"}
,"/home/lorisvenyor/thirdyear_project/2021-ca326-talvoj2-wardc35/code/dcuhub/screens/Login.js": {"path":"/home/lorisvenyor/thirdyear_project/2021-ca326-talvoj2-wardc35/code/dcuhub/screens/Login.js","statementMap":{"0":{"start":{"line":14,"column":21},"end":{"line":14,"column":52}},"1":{"start":{"line":18,"column":12},"end":{"line":22,"column":5}},"2":{"start":{"line":24,"column":18},"end":{"line":37,"column":5}},"3":{"start":{"line":26,"column":36},"end":{"line":26,"column":46}},"4":{"start":{"line":28,"column":8},"end":{"line":36,"column":76}},"5":{"start":{"line":29,"column":12},"end":{"line":35,"column":13}},"6":{"start":{"line":30,"column":16},"end":{"line":30,"column":48}},"7":{"start":{"line":31,"column":18},"end":{"line":35,"column":13}},"8":{"start":{"line":32,"column":16},"end":{"line":32,"column":49}},"9":{"start":{"line":33,"column":16},"end":{"line":33,"column":49}},"10":{"start":{"line":34,"column":16},"end":{"line":34,"column":41}},"11":{"start":{"line":36,"column":30},"end":{"line":36,"column":75}},"12":{"start":{"line":40,"column":8},"end":{"line":103,"column":9}},"13":{"start":{"line":68,"column":47},"end":{"line":68,"column":69}},"14":{"start":{"line":81,"column":50},"end":{"line":81,"column":75}},"15":{"start":{"line":93,"column":64},"end":{"line":93,"column":106}},"16":{"start":{"line":96,"column":76},"end":{"line":96,"column":115}},"17":{"start":{"line":107,"column":15},"end":{"line":174,"column":2}}},"fnMap":{"0":{"name":"(anonymous_0)","decl":{"start":{"line":24,"column":18},"end":{"line":24,"column":19}},"loc":{"start":{"line":24,"column":24},"end":{"line":37,"column":5}},"line":24},"1":{"name":"(anonymous_1)","decl":{"start":{"line":28,"column":74},"end":{"line":28,"column":75}},"loc":{"start":{"line":28,"column":86},"end":{"line":36,"column":13}},"line":28},"2":{"name":"(anonymous_2)","decl":{"start":{"line":36,"column":21},"end":{"line":36,"column":22}},"loc":{"start":{"line":36,"column":30},"end":{"line":36,"column":75}},"line":36},"3":{"name":"(anonymous_3)","decl":{"start":{"line":39,"column":4},"end":{"line":39,"column":5}},"loc":{"start":{"line":39,"column":13},"end":{"line":104,"column":5}},"line":39},"4":{"name":"(anonymous_4)","decl":{"start":{"line":68,"column":38},"end":{"line":68,"column":39}},"loc":{"start":{"line":68,"column":47},"end":{"line":68,"column":69}},"line":68},"5":{"name":"(anonymous_5)","decl":{"start":{"line":81,"column":38},"end":{"line":81,"column":39}},"loc":{"start":{"line":81,"column":50},"end":{"line":81,"column":75}},"line":81},"6":{"name":"(anonymous_6)","decl":{"start":{"line":93,"column":58},"end":{"line":93,"column":59}},"loc":{"start":{"line":93,"column":64},"end":{"line":93,"column":106}},"line":93},"7":{"name":"(anonymous_7)","decl":{"start":{"line":96,"column":70},"end":{"line":96,"column":71}},"loc":{"start":{"line":96,"column":76},"end":{"line":96,"column":115}},"line":96}},"branchMap":{"0":{"loc":{"start":{"line":29,"column":12},"end":{"line":35,"column":13}},"type":"if","locations":[{"start":{"line":29,"column":12},"end":{"line":35,"column":13}},{"start":{"line":29,"column":12},"end":{"line":35,"column":13}}],"line":29},"1":{"loc":{"start":{"line":31,"column":18},"end":{"line":35,"column":13}},"type":"if","locations":[{"start":{"line":31,"column":18},"end":{"line":35,"column":13}},{"start":{"line":31,"column":18},"end":{"line":35,"column":13}}],"line":31},"2":{"loc":{"start":{"line":58,"column":17},"end":{"line":58,"column":107}},"type":"binary-expr","locations":[{"start":{"line":58,"column":17},"end":{"line":58,"column":40}},{"start":{"line":58,"column":44},"end":{"line":58,"column":107}}],"line":58}},"s":{"0":1,"1":1,"2":1,"3":0,"4":0,"5":0,"6":0,"7":0,"8":0,"9":0,"10":0,"11":0,"12":1,"13":0,"14":0,"15":0,"16":0,"17":1},"f":{"0":0,"1":0,"2":0,"3":1,"4":0,"5":0,"6":0,"7":0},"b":{"0":[0,0],"1":[0,0],"2":[1,0]},"_coverageSchema":"1a1c01bbd47fc00a2c39e90264f33305004495a9","hash":"812931dc227fe1b5b233346fa2dc015e088e8ae1"}
,"/home/lorisvenyor/thirdyear_project/2021-ca326-talvoj2-wardc35/code/dcuhub/screens/NewsFeed.js": {"path":"/home/lorisvenyor/thirdyear_project/2021-ca326-talvoj2-wardc35/code/dcuhub/screens/NewsFeed.js","statementMap":{"0":{"start":{"line":11,"column":21},"end":{"line":11,"column":52}},"1":{"start":{"line":12,"column":20},"end":{"line":12,"column":50}},"2":{"start":{"line":16,"column":25},"end":{"line":18,"column":9}},"3":{"start":{"line":17,"column":12},"end":{"line":17,"column":163}},"4":{"start":{"line":20,"column":22},"end":{"line":22,"column":94}},"5":{"start":{"line":24,"column":20},"end":{"line":26,"column":94}},"6":{"start":{"line":28,"column":23},"end":{"line":30,"column":94}},"7":{"start":{"line":32,"column":8},"end":{"line":167,"column":9}},"8":{"start":{"line":156,"column":31},"end":{"line":156,"column":95}},"9":{"start":{"line":157,"column":35},"end":{"line":157,"column":118}},"10":{"start":{"line":171,"column":15},"end":{"line":181,"column":2}}},"fnMap":{"0":{"name":"NewsFeed","decl":{"start":{"line":14,"column":24},"end":{"line":14,"column":32}},"loc":{"start":{"line":14,"column":36},"end":{"line":168,"column":5}},"line":14},"1":{"name":"(anonymous_1)","decl":{"start":{"line":16,"column":25},"end":{"line":16,"column":26}},"loc":{"start":{"line":16,"column":35},"end":{"line":18,"column":9}},"line":16},"2":{"name":"(anonymous_2)","decl":{"start":{"line":156,"column":25},"end":{"line":156,"column":26}},"loc":{"start":{"line":156,"column":29},"end":{"line":156,"column":96}},"line":156},"3":{"name":"(anonymous_3)","decl":{"start":{"line":157,"column":26},"end":{"line":157,"column":27}},"loc":{"start":{"line":157,"column":35},"end":{"line":157,"column":118}},"line":157}},"branchMap":{"0":{"loc":{"start":{"line":17,"column":30},"end":{"line":17,"column":162}},"type":"binary-expr","locations":[{"start":{"line":17,"column":30},"end":{"line":17,"column":38}},{"start":{"line":17,"column":42},"end":{"line":17,"column":69}},{"start":{"line":17,"column":73},"end":{"line":17,"column":81}},{"start":{"line":17,"column":85},"end":{"line":17,"column":128}},{"start":{"line":17,"column":132},"end":{"line":17,"column":162}}],"line":17},"1":{"loc":{"start":{"line":157,"column":35},"end":{"line":157,"column":118}},"type":"cond-expr","locations":[{"start":{"line":157,"column":93},"end":{"line":157,"column":112}},{"start":{"line":157,"column":115},"end":{"line":157,"column":118}}],"line":157}},"s":{"0":1,"1":1,"2":1,"3":1,"4":1,"5":1,"6":1,"7":1,"8":0,"9":1,"10":1},"f":{"0":1,"1":1,"2":0,"3":1},"b":{"0":[1,1,0,0,0],"1":[1,0]},"_coverageSchema":"1a1c01bbd47fc00a2c39e90264f33305004495a9","hash":"241287e3d6a2bb20a0293857ff3331de1713ead8"}
,"/home/lorisvenyor/thirdyear_project/2021-ca326-talvoj2-wardc35/code/dcuhub/screens/Register.js": {"path":"/home/lorisvenyor/thirdyear_project/2021-ca326-talvoj2-wardc35/code/dcuhub/screens/Register.js","statementMap":{"0":{"start":{"line":9,"column":21},"end":{"line":9,"column":52}},"1":{"start":{"line":13,"column":12},"end":{"line":18,"column":5}},"2":{"start":{"line":20,"column":19},"end":{"line":44,"column":1}},"3":{"start":{"line":21,"column":42},"end":{"line":21,"column":52}},"4":{"start":{"line":22,"column":29},"end":{"line":22,"column":50}},"5":{"start":{"line":25,"column":8},"end":{"line":42,"column":5}},"6":{"start":{"line":26,"column":12},"end":{"line":26,"column":67}},"7":{"start":{"line":28,"column":13},"end":{"line":42,"column":5}},"8":{"start":{"line":29,"column":12},"end":{"line":29,"column":102}},"9":{"start":{"line":31,"column":8},"end":{"line":41,"column":69}},"10":{"start":{"line":33,"column":12},"end":{"line":33,"column":56}},"11":{"start":{"line":34,"column":12},"end":{"line":34,"column":96}},"12":{"start":{"line":35,"column":12},"end":{"line":35,"column":37}},"13":{"start":{"line":37,"column":12},"end":{"line":39,"column":15}},"14":{"start":{"line":41,"column":24},"end":{"line":41,"column":68}},"15":{"start":{"line":46,"column":8},"end":{"line":132,"column":10}},"16":{"start":{"line":92,"column":96},"end":{"line":92,"column":117}},"17":{"start":{"line":100,"column":97},"end":{"line":100,"column":119}},"18":{"start":{"line":110,"column":115},"end":{"line":110,"column":140}},"19":{"start":{"line":125,"column":57},"end":{"line":125,"column":96}},"20":{"start":{"line":137,"column":15},"end":{"line":193,"column":2}}},"fnMap":{"0":{"name":"(anonymous_0)","decl":{"start":{"line":20,"column":19},"end":{"line":20,"column":20}},"loc":{"start":{"line":20,"column":31},"end":{"line":44,"column":1}},"line":20},"1":{"name":"(anonymous_1)","decl":{"start":{"line":32,"column":14},"end":{"line":32,"column":15}},"loc":{"start":{"line":32,"column":33},"end":{"line":40,"column":9}},"line":32},"2":{"name":"(anonymous_2)","decl":{"start":{"line":41,"column":15},"end":{"line":41,"column":16}},"loc":{"start":{"line":41,"column":24},"end":{"line":41,"column":68}},"line":41},"3":{"name":"(anonymous_3)","decl":{"start":{"line":45,"column":4},"end":{"line":45,"column":5}},"loc":{"start":{"line":45,"column":14},"end":{"line":133,"column":5}},"line":45},"4":{"name":"(anonymous_4)","decl":{"start":{"line":92,"column":88},"end":{"line":92,"column":89}},"loc":{"start":{"line":92,"column":96},"end":{"line":92,"column":117}},"line":92},"5":{"name":"(anonymous_5)","decl":{"start":{"line":100,"column":88},"end":{"line":100,"column":89}},"loc":{"start":{"line":100,"column":97},"end":{"line":100,"column":119}},"line":100},"6":{"name":"(anonymous_6)","decl":{"start":{"line":110,"column":103},"end":{"line":110,"column":104}},"loc":{"start":{"line":110,"column":115},"end":{"line":110,"column":140}},"line":110},"7":{"name":"(anonymous_7)","decl":{"start":{"line":125,"column":51},"end":{"line":125,"column":52}},"loc":{"start":{"line":125,"column":57},"end":{"line":125,"column":96}},"line":125}},"branchMap":{"0":{"loc":{"start":{"line":25,"column":8},"end":{"line":42,"column":5}},"type":"if","locations":[{"start":{"line":25,"column":8},"end":{"line":42,"column":5}},{"start":{"line":25,"column":8},"end":{"line":42,"column":5}}],"line":25},"1":{"loc":{"start":{"line":25,"column":11},"end":{"line":25,"column":54}},"type":"binary-expr","locations":[{"start":{"line":25,"column":11},"end":{"line":25,"column":22}},{"start":{"line":25,"column":26},"end":{"line":25,"column":36}},{"start":{"line":25,"column":40},"end":{"line":25,"column":54}}],"line":25},"2":{"loc":{"start":{"line":28,"column":13},"end":{"line":42,"column":5}},"type":"if","locations":[{"start":{"line":28,"column":13},"end":{"line":42,"column":5}},{"start":{"line":28,"column":13},"end":{"line":42,"column":5}}],"line":28},"3":{"loc":{"start":{"line":86,"column":25},"end":{"line":86,"column":111}},"type":"binary-expr","locations":[{"start":{"line":86,"column":25},"end":{"line":86,"column":48}},{"start":{"line":86,"column":52},"end":{"line":86,"column":111}}],"line":86}},"s":{"0":1,"1":1,"2":1,"3":0,"4":0,"5":0,"6":0,"7":0,"8":0,"9":0,"10":0,"11":0,"12":0,"13":0,"14":0,"15":1,"16":0,"17":0,"18":0,"19":0,"20":1},"f":{"0":0,"1":0,"2":0,"3":1,"4":0,"5":0,"6":0,"7":0},"b":{"0":[0,0],"1":[0,0,0],"2":[0,0],"3":[1,0]},"_coverageSchema":"1a1c01bbd47fc00a2c39e90264f33305004495a9","hash":"851778f90334605e848389bed62961c7a23f553f"}
,"/home/lorisvenyor/thirdyear_project/2021-ca326-talvoj2-wardc35/code/dcuhub/screens/Rooms.js": {"path":"/home/lorisvenyor/thirdyear_project/2021-ca326-talvoj2-wardc35/code/dcuhub/screens/Rooms.js","statementMap":{"0":{"start":{"line":12,"column":21},"end":{"line":12,"column":52}},"1":{"start":{"line":13,"column":20},"end":{"line":13,"column":50}},"2":{"start":{"line":15,"column":0},"end":{"line":15,"column":116}},"3":{"start":{"line":19,"column":17},"end":{"line":19,"column":22}},"4":{"start":{"line":21,"column":31},"end":{"line":24,"column":5}},"5":{"start":{"line":27,"column":8},"end":{"line":27,"column":21}},"6":{"start":{"line":28,"column":29},"end":{"line":28,"column":51}},"7":{"start":{"line":29,"column":12},"end":{"line":29,"column":52}},"8":{"start":{"line":30,"column":12},"end":{"line":33,"column":9}},"9":{"start":{"line":37,"column":8},"end":{"line":37,"column":30}},"10":{"start":{"line":39,"column":8},"end":{"line":42,"column":9}},"11":{"start":{"line":40,"column":12},"end":{"line":40,"column":75}},"12":{"start":{"line":41,"column":12},"end":{"line":41,"column":46}},"13":{"start":{"line":46,"column":8},"end":{"line":46,"column":31}},"14":{"start":{"line":50,"column":8},"end":{"line":59,"column":11}},"15":{"start":{"line":51,"column":22},"end":{"line":51,"column":24}},"16":{"start":{"line":52,"column":8},"end":{"line":57,"column":11}},"17":{"start":{"line":53,"column":12},"end":{"line":56,"column":15}},"18":{"start":{"line":58,"column":8},"end":{"line":58,"column":41}},"19":{"start":{"line":63,"column":8},"end":{"line":68,"column":9}},"20":{"start":{"line":64,"column":12},"end":{"line":64,"column":71}},"21":{"start":{"line":66,"column":12},"end":{"line":66,"column":61}},"22":{"start":{"line":67,"column":12},"end":{"line":67,"column":43}},"23":{"start":{"line":72,"column":8},"end":{"line":72,"column":93}},"24":{"start":{"line":76,"column":8},"end":{"line":107,"column":9}},"25":{"start":{"line":86,"column":27},"end":{"line":86,"column":50}},"26":{"start":{"line":89,"column":16},"end":{"line":99,"column":19}},"27":{"start":{"line":93,"column":54},"end":{"line":93,"column":92}},"28":{"start":{"line":95,"column":55},"end":{"line":95,"column":80}},"29":{"start":{"line":111,"column":8},"end":{"line":181,"column":9}},"30":{"start":{"line":148,"column":48},"end":{"line":148,"column":78}},"31":{"start":{"line":155,"column":39},"end":{"line":155,"column":53}},"32":{"start":{"line":172,"column":45},"end":{"line":172,"column":65}}},"fnMap":{"0":{"name":"(anonymous_0)","decl":{"start":{"line":26,"column":4},"end":{"line":26,"column":5}},"loc":{"start":{"line":26,"column":23},"end":{"line":34,"column":5}},"line":26},"1":{"name":"(anonymous_1)","decl":{"start":{"line":36,"column":4},"end":{"line":36,"column":5}},"loc":{"start":{"line":36,"column":24},"end":{"line":43,"column":5}},"line":36},"2":{"name":"(anonymous_2)","decl":{"start":{"line":45,"column":4},"end":{"line":45,"column":5}},"loc":{"start":{"line":45,"column":26},"end":{"line":47,"column":5}},"line":45},"3":{"name":"(anonymous_3)","decl":{"start":{"line":49,"column":4},"end":{"line":49,"column":5}},"loc":{"start":{"line":49,"column":29},"end":{"line":60,"column":5}},"line":49},"4":{"name":"(anonymous_4)","decl":{"start":{"line":50,"column":29},"end":{"line":50,"column":30}},"loc":{"start":{"line":50,"column":47},"end":{"line":59,"column":9}},"line":50},"5":{"name":"(anonymous_5)","decl":{"start":{"line":52,"column":29},"end":{"line":52,"column":30}},"loc":{"start":{"line":52,"column":40},"end":{"line":57,"column":9}},"line":52},"6":{"name":"(anonymous_6)","decl":{"start":{"line":62,"column":4},"end":{"line":62,"column":5}},"loc":{"start":{"line":62,"column":14},"end":{"line":69,"column":5}},"line":62},"7":{"name":"(anonymous_7)","decl":{"start":{"line":71,"column":4},"end":{"line":71,"column":5}},"loc":{"start":{"line":71,"column":23},"end":{"line":73,"column":5}},"line":71},"8":{"name":"(anonymous_8)","decl":{"start":{"line":75,"column":4},"end":{"line":75,"column":5}},"loc":{"start":{"line":75,"column":20},"end":{"line":108,"column":5}},"line":75},"9":{"name":"(anonymous_9)","decl":{"start":{"line":86,"column":21},"end":{"line":86,"column":22}},"loc":{"start":{"line":86,"column":27},"end":{"line":86,"column":50}},"line":86},"10":{"name":"(anonymous_10)","decl":{"start":{"line":88,"column":25},"end":{"line":88,"column":26}},"loc":{"start":{"line":89,"column":16},"end":{"line":99,"column":19}},"line":89},"11":{"name":"(anonymous_11)","decl":{"start":{"line":93,"column":48},"end":{"line":93,"column":49}},"loc":{"start":{"line":93,"column":54},"end":{"line":93,"column":92}},"line":93},"12":{"name":"(anonymous_12)","decl":{"start":{"line":95,"column":49},"end":{"line":95,"column":50}},"loc":{"start":{"line":95,"column":55},"end":{"line":95,"column":80}},"line":95},"13":{"name":"(anonymous_13)","decl":{"start":{"line":110,"column":2},"end":{"line":110,"column":3}},"loc":{"start":{"line":110,"column":11},"end":{"line":182,"column":5}},"line":110},"14":{"name":"(anonymous_14)","decl":{"start":{"line":148,"column":38},"end":{"line":148,"column":39}},"loc":{"start":{"line":148,"column":48},"end":{"line":148,"column":78}},"line":148},"15":{"name":"(anonymous_15)","decl":{"start":{"line":155,"column":33},"end":{"line":155,"column":34}},"loc":{"start":{"line":155,"column":39},"end":{"line":155,"column":53}},"line":155},"16":{"name":"(anonymous_16)","decl":{"start":{"line":172,"column":32},"end":{"line":172,"column":33}},"loc":{"start":{"line":172,"column":45},"end":{"line":172,"column":65}},"line":172}},"branchMap":{"0":{"loc":{"start":{"line":39,"column":8},"end":{"line":42,"column":9}},"type":"if","locations":[{"start":{"line":39,"column":8},"end":{"line":42,"column":9}},{"start":{"line":39,"column":8},"end":{"line":42,"column":9}}],"line":39},"1":{"loc":{"start":{"line":63,"column":8},"end":{"line":68,"column":9}},"type":"if","locations":[{"start":{"line":63,"column":8},"end":{"line":68,"column":9}},{"start":{"line":63,"column":8},"end":{"line":68,"column":9}}],"line":63},"2":{"loc":{"start":{"line":103,"column":13},"end":{"line":104,"column":100}},"type":"cond-expr","locations":[{"start":{"line":103,"column":37},"end":{"line":103,"column":101}},{"start":{"line":104,"column":12},"end":{"line":104,"column":100}}],"line":103}},"s":{"0":1,"1":1,"2":1,"3":1,"4":1,"5":1,"6":1,"7":1,"8":1,"9":1,"10":1,"11":1,"12":1,"13":0,"14":1,"15":0,"16":0,"17":0,"18":0,"19":0,"20":0,"21":0,"22":0,"23":0,"24":0,"25":0,"26":0,"27":0,"28":0,"29":1,"30":0,"31":0,"32":0},"f":{"0":1,"1":1,"2":0,"3":1,"4":0,"5":0,"6":0,"7":0,"8":0,"9":0,"10":0,"11":0,"12":0,"13":1,"14":0,"15":0,"16":0},"b":{"0":[1,0],"1":[0,0],"2":[0,0]},"_coverageSchema":"1a1c01bbd47fc00a2c39e90264f33305004495a9","hash":"50b05919cc83ae7a2594e471b6fa23afed12b2f7"}
,"/home/lorisvenyor/thirdyear_project/2021-ca326-talvoj2-wardc35/code/dcuhub/shared/button_1.js": {"path":"/home/lorisvenyor/thirdyear_project/2021-ca326-talvoj2-wardc35/code/dcuhub/shared/button_1.js","statementMap":{"0":{"start":{"line":7,"column":4},"end":{"line":25,"column":5}}},"fnMap":{"0":{"name":"Button1","decl":{"start":{"line":6,"column":24},"end":{"line":6,"column":31}},"loc":{"start":{"line":6,"column":49},"end":{"line":26,"column":1}},"line":6}},"branchMap":{},"s":{"0":2},"f":{"0":2},"b":{},"_coverageSchema":"1a1c01bbd47fc00a2c39e90264f33305004495a9","hash":"b0160701f628b43aa55b30a6ac9a097cd808c5ff"}
,"/home/lorisvenyor/thirdyear_project/2021-ca326-talvoj2-wardc35/code/dcuhub/shared/button_2.js": {"path":"/home/lorisvenyor/thirdyear_project/2021-ca326-talvoj2-wardc35/code/dcuhub/shared/button_2.js","statementMap":{"0":{"start":{"line":7,"column":4},"end":{"line":24,"column":5}}},"fnMap":{"0":{"name":"Button2","decl":{"start":{"line":6,"column":24},"end":{"line":6,"column":31}},"loc":{"start":{"line":6,"column":49},"end":{"line":25,"column":1}},"line":6}},"branchMap":{},"s":{"0":3},"f":{"0":3},"b":{},"_coverageSchema":"1a1c01bbd47fc00a2c39e90264f33305004495a9","hash":"81039236b1fd678954f38310708bac3edb73893b"}
,"/home/lorisvenyor/thirdyear_project/2021-ca326-talvoj2-wardc35/code/dcuhub/shared/header.js": {"path":"/home/lorisvenyor/thirdyear_project/2021-ca326-talvoj2-wardc35/code/dcuhub/shared/header.js","statementMap":{"0":{"start":{"line":7,"column":21},"end":{"line":7,"column":52}},"1":{"start":{"line":8,"column":20},"end":{"line":8,"column":50}},"2":{"start":{"line":12,"column":4},"end":{"line":35,"column":5}}},"fnMap":{"0":{"name":"Header","decl":{"start":{"line":10,"column":24},"end":{"line":10,"column":30}},"loc":{"start":{"line":10,"column":39},"end":{"line":36,"column":1}},"line":10}},"branchMap":{},"s":{"0":2,"1":2,"2":2},"f":{"0":2},"b":{},"_coverageSchema":"1a1c01bbd47fc00a2c39e90264f33305004495a9","hash":"bc3fadcd12b366d67517b31b845d7efd596d4d3e"}
}
