TN:
SF:assets/images/dcuhublogo_higherres.png
FNF:0
FNH:0
DA:1,5
LF:1
LH:1
BRF:0
BRH:0
end_of_record
TN:
SF:config/firebasekeys.js
FNF:0
FNH:0
DA:5,1
DA:16,1
DA:17,1
LF:3
LH:3
BRF:0
BRH:0
end_of_record
TN:
SF:screens/ChatStyle.js
FNF:0
FNH:0
DA:5,1
DA:6,1
DA:8,1
LF:3
LH:3
BRF:0
BRH:0
end_of_record
TN:
SF:screens/ForgotPassword.js
FN:20,(anonymous_0)
FN:22,(anonymous_1)
FN:24,(anonymous_2)
FN:27,(anonymous_3)
FN:50,(anonymous_4)
FN:59,(anonymous_5)
FNF:6
FNH:1
FNDA:0,(anonymous_0)
FNDA:0,(anonymous_1)
FNDA:0,(anonymous_2)
FNDA:1,(anonymous_3)
FNDA:0,(anonymous_4)
FNDA:0,(anonymous_5)
DA:12,1
DA:16,1
DA:20,1
DA:21,0
DA:23,0
DA:24,0
DA:28,1
DA:50,0
DA:59,0
DA:69,1
LF:10
LH:5
BRDA:44,0,0,1
BRDA:44,0,1,0
BRF:2
BRH:1
end_of_record
TN:
SF:screens/Login.js
FN:24,(anonymous_0)
FN:28,(anonymous_1)
FN:36,(anonymous_2)
FN:39,(anonymous_3)
FN:68,(anonymous_4)
FN:81,(anonymous_5)
FN:93,(anonymous_6)
FN:96,(anonymous_7)
FNF:8
FNH:1
FNDA:0,(anonymous_0)
FNDA:0,(anonymous_1)
FNDA:0,(anonymous_2)
FNDA:1,(anonymous_3)
FNDA:0,(anonymous_4)
FNDA:0,(anonymous_5)
FNDA:0,(anonymous_6)
FNDA:0,(anonymous_7)
DA:14,1
DA:18,1
DA:24,1
DA:26,0
DA:28,0
DA:29,0
DA:30,0
DA:31,0
DA:32,0
DA:33,0
DA:34,0
DA:36,0
DA:40,1
DA:68,0
DA:81,0
DA:93,0
DA:96,0
DA:107,1
LF:18
LH:5
BRDA:29,0,0,0
BRDA:29,0,1,0
BRDA:31,1,0,0
BRDA:31,1,1,0
BRDA:58,2,0,1
BRDA:58,2,1,0
BRF:6
BRH:1
end_of_record
TN:
SF:screens/NewsFeed.js
FN:14,NewsFeed
FN:16,(anonymous_1)
FN:156,(anonymous_2)
FN:157,(anonymous_3)
FNF:4
FNH:3
FNDA:1,NewsFeed
FNDA:1,(anonymous_1)
FNDA:0,(anonymous_2)
FNDA:1,(anonymous_3)
DA:11,1
DA:12,1
DA:16,1
DA:17,1
DA:20,1
DA:24,1
DA:28,1
DA:32,1
DA:156,0
DA:157,1
DA:171,1
LF:11
LH:10
BRDA:17,0,0,1
BRDA:17,0,1,1
BRDA:17,0,2,0
BRDA:17,0,3,0
BRDA:17,0,4,0
BRDA:157,1,0,1
BRDA:157,1,1,0
BRF:7
BRH:3
end_of_record
TN:
SF:screens/Register.js
FN:20,(anonymous_0)
FN:32,(anonymous_1)
FN:41,(anonymous_2)
FN:45,(anonymous_3)
FN:92,(anonymous_4)
FN:100,(anonymous_5)
FN:110,(anonymous_6)
FN:125,(anonymous_7)
FNF:8
FNH:1
FNDA:0,(anonymous_0)
FNDA:0,(anonymous_1)
FNDA:0,(anonymous_2)
FNDA:1,(anonymous_3)
FNDA:0,(anonymous_4)
FNDA:0,(anonymous_5)
FNDA:0,(anonymous_6)
FNDA:0,(anonymous_7)
DA:9,1
DA:13,1
DA:20,1
DA:21,0
DA:22,0
DA:25,0
DA:26,0
DA:28,0
DA:29,0
DA:31,0
DA:33,0
DA:34,0
DA:35,0
DA:37,0
DA:41,0
DA:46,1
DA:92,0
DA:100,0
DA:110,0
DA:125,0
DA:137,1
LF:21
LH:5
BRDA:25,0,0,0
BRDA:25,0,1,0
BRDA:25,1,0,0
BRDA:25,1,1,0
BRDA:25,1,2,0
BRDA:28,2,0,0
BRDA:28,2,1,0
BRDA:86,3,0,1
BRDA:86,3,1,0
BRF:9
BRH:1
end_of_record
TN:
SF:screens/Rooms.js
FN:26,(anonymous_0)
FN:36,(anonymous_1)
FN:45,(anonymous_2)
FN:49,(anonymous_3)
FN:50,(anonymous_4)
FN:52,(anonymous_5)
FN:62,(anonymous_6)
FN:71,(anonymous_7)
FN:75,(anonymous_8)
FN:86,(anonymous_9)
FN:88,(anonymous_10)
FN:93,(anonymous_11)
FN:95,(anonymous_12)
FN:110,(anonymous_13)
FN:148,(anonymous_14)
FN:155,(anonymous_15)
FN:172,(anonymous_16)
FNF:17
FNH:4
FNDA:1,(anonymous_0)
FNDA:1,(anonymous_1)
FNDA:0,(anonymous_2)
FNDA:1,(anonymous_3)
FNDA:0,(anonymous_4)
FNDA:0,(anonymous_5)
FNDA:0,(anonymous_6)
FNDA:0,(anonymous_7)
FNDA:0,(anonymous_8)
FNDA:0,(anonymous_9)
FNDA:0,(anonymous_10)
FNDA:0,(anonymous_11)
FNDA:0,(anonymous_12)
FNDA:1,(anonymous_13)
FNDA:0,(anonymous_14)
FNDA:0,(anonymous_15)
FNDA:0,(anonymous_16)
DA:12,1
DA:13,1
DA:15,1
DA:19,1
DA:21,1
DA:27,1
DA:28,1
DA:29,1
DA:30,1
DA:37,1
DA:39,1
DA:40,1
DA:41,1
DA:46,0
DA:50,1
DA:51,0
DA:52,0
DA:53,0
DA:58,0
DA:63,0
DA:64,0
DA:66,0
DA:67,0
DA:72,0
DA:76,0
DA:86,0
DA:89,0
DA:93,0
DA:95,0
DA:111,1
DA:148,0
DA:155,0
DA:172,0
LF:33
LH:15
BRDA:39,0,0,1
BRDA:39,0,1,0
BRDA:63,1,0,0
BRDA:63,1,1,0
BRDA:103,2,0,0
BRDA:103,2,1,0
BRF:6
BRH:1
end_of_record
TN:
SF:shared/button_1.js
FN:6,Button1
FNF:1
FNH:1
FNDA:2,Button1
DA:7,2
LF:1
LH:1
BRF:0
BRH:0
end_of_record
TN:
SF:shared/button_2.js
FN:6,Button2
FNF:1
FNH:1
FNDA:3,Button2
DA:7,3
LF:1
LH:1
BRF:0
BRH:0
end_of_record
TN:
SF:shared/header.js
FN:10,Header
FNF:1
FNH:1
FNDA:2,Header
DA:7,2
DA:8,2
DA:12,2
LF:3
LH:3
BRF:0
BRH:0
end_of_record
